Using pre-set license
Built from '2022.3/staging' branch; Version is '2022.3.4f1 (35713cd46cd7) revision 3502396'; Using compiler version '192829333'; Build Type 'Release'
OS: 'Windows 11  (10.0.22621) 64bit Core' Language: 'es' Physical Memory: 15732 MB
BatchMode: 1, IsHumanControllingUs: 0, StartBugReporterOnCrash: 0, Is64bit: 1, IsPro: 1

COMMAND LINE ARGUMENTS:
C:\Program Files\Unity\Hub\Editor\2022.3.4f1\Editor\Unity.exe
-adb2
-batchMode
-noUpm
-name
AssetImportWorker0
-projectPath
C:/Users/javie/Desktop/Dev/GamedevStuff/Unity/proyectos/Sistema de combate
-logFile
Logs/AssetImportWorker0.log
-srvPort
51904
Successfully changed project path to: C:/Users/javie/Desktop/Dev/GamedevStuff/Unity/proyectos/Sistema de combate
C:/Users/javie/Desktop/Dev/GamedevStuff/Unity/proyectos/Sistema de combate
[UnityMemory] Configuration Parameters - Can be set up in boot.config
    "memorysetup-bucket-allocator-granularity=16"
    "memorysetup-bucket-allocator-bucket-count=8"
    "memorysetup-bucket-allocator-block-size=33554432"
    "memorysetup-bucket-allocator-block-count=8"
    "memorysetup-main-allocator-block-size=16777216"
    "memorysetup-thread-allocator-block-size=16777216"
    "memorysetup-gfx-main-allocator-block-size=16777216"
    "memorysetup-gfx-thread-allocator-block-size=16777216"
    "memorysetup-cache-allocator-block-size=4194304"
    "memorysetup-typetree-allocator-block-size=2097152"
    "memorysetup-profiler-bucket-allocator-granularity=16"
    "memorysetup-profiler-bucket-allocator-bucket-count=8"
    "memorysetup-profiler-bucket-allocator-block-size=33554432"
    "memorysetup-profiler-bucket-allocator-block-count=8"
    "memorysetup-profiler-allocator-block-size=16777216"
    "memorysetup-profiler-editor-allocator-block-size=1048576"
    "memorysetup-temp-allocator-size-main=16777216"
    "memorysetup-job-temp-allocator-block-size=2097152"
    "memorysetup-job-temp-allocator-block-size-background=1048576"
    "memorysetup-job-temp-allocator-reduction-small-platforms=262144"
    "memorysetup-allocator-temp-initial-block-size-main=262144"
    "memorysetup-allocator-temp-initial-block-size-worker=262144"
    "memorysetup-temp-allocator-size-background-worker=32768"
    "memorysetup-temp-allocator-size-job-worker=262144"
    "memorysetup-temp-allocator-size-preload-manager=33554432"
    "memorysetup-temp-allocator-size-nav-mesh-worker=65536"
    "memorysetup-temp-allocator-size-audio-worker=65536"
    "memorysetup-temp-allocator-size-cloud-worker=32768"
    "memorysetup-temp-allocator-size-gi-baking-worker=262144"
    "memorysetup-temp-allocator-size-gfx=262144"
Player connection [19408] Host "[IP] 192.168.1.161 [Port] 0 [Flags] 2 [Guid] 3049694475 [EditorId] 3049694475 [Version] 1048832 [Id] WindowsEditor(7,LAPTOP-D4LIS6IS) [Debug] 1 [PackageName] WindowsEditor [ProjectName] Editor" joined multi-casting on [225.0.0.222:54997]...

Player connection [19408] Host "[IP] 192.168.1.161 [Port] 0 [Flags] 2 [Guid] 3049694475 [EditorId] 3049694475 [Version] 1048832 [Id] WindowsEditor(7,LAPTOP-D4LIS6IS) [Debug] 1 [PackageName] WindowsEditor [ProjectName] Editor" joined alternative multi-casting on [225.0.0.222:34997]...

Refreshing native plugins compatible for Editor in 11.38 ms, found 4 plugins.
Preloading 0 native plugins for Editor in 0.00 ms.
Initialize engine version: 2022.3.4f1 (35713cd46cd7)
[Subsystems] Discovering subsystems at path C:/Program Files/Unity/Hub/Editor/2022.3.4f1/Editor/Data/Resources/UnitySubsystems
[Subsystems] Discovering subsystems at path C:/Users/javie/Desktop/Dev/GamedevStuff/Unity/proyectos/Sistema de combate/Assets
GfxDevice: creating device client; threaded=0; jobified=0
Direct3D:
    Version:  Direct3D 11.0 [level 11.1]
    Renderer: NVIDIA GeForce GTX 1650 Ti (ID=0x1f95)
    Vendor:   NVIDIA
    VRAM:     3949 MB
    Driver:   31.0.15.2849
Initialize mono
Mono path[0] = 'C:/Program Files/Unity/Hub/Editor/2022.3.4f1/Editor/Data/Managed'
Mono path[1] = 'C:/Program Files/Unity/Hub/Editor/2022.3.4f1/Editor/Data/MonoBleedingEdge/lib/mono/unityjit-win32'
Mono config path = 'C:/Program Files/Unity/Hub/Editor/2022.3.4f1/Editor/Data/MonoBleedingEdge/etc'
Using monoOptions --debugger-agent=transport=dt_socket,embedding=1,server=y,suspend=n,address=127.0.0.1:56724
Begin MonoManager ReloadAssembly
Registering precompiled unity dll's ...
Register platform support module: C:/Program Files/Unity/Hub/Editor/2022.3.4f1/Editor/Data/PlaybackEngines/WindowsStandaloneSupport/UnityEditor.WindowsStandalone.Extensions.dll
Registered in 0.006994 seconds.
- Loaded All Assemblies, in  0.408 seconds
Native extension for WindowsStandalone target not found
Mono: successfully reloaded assembly
- Finished resetting the current domain, in  0.305 seconds
Domain Reload Profiling: 711ms
	BeginReloadAssembly (91ms)
		ExecutionOrderSort (0ms)
		DisableScriptedObjects (0ms)
		BackupInstance (0ms)
		ReleaseScriptingObjects (0ms)
		CreateAndSetChildDomain (1ms)
	RebuildCommonClasses (42ms)
	RebuildNativeTypeToScriptingClass (11ms)
	initialDomainReloadingComplete (73ms)
	LoadAllAssembliesAndSetupDomain (189ms)
		LoadAssemblies (89ms)
		RebuildTransferFunctionScriptingTraits (0ms)
		AnalyzeDomain (168ms)
			TypeCache.Refresh (168ms)
				TypeCache.ScanAssembly (152ms)
			ScanForSourceGeneratedMonoScriptInfo (0ms)
			ResolveRequiredComponents (0ms)
	FinalizeReload (305ms)
		ReleaseScriptCaches (0ms)
		RebuildScriptCaches (0ms)
		SetupLoadedEditorAssemblies (238ms)
			LogAssemblyErrors (0ms)
			InitializePlatformSupportModulesInManaged (10ms)
			SetLoadedEditorAssemblies (9ms)
			RefreshPlugins (0ms)
			BeforeProcessingInitializeOnLoad (3ms)
			ProcessInitializeOnLoadAttributes (158ms)
			ProcessInitializeOnLoadMethodAttributes (59ms)
			AfterProcessingInitializeOnLoad (0ms)
			EditorAssembliesLoaded (0ms)
		ExecutionOrderSort2 (0ms)
		AwakeInstancesAfterBackupRestoration (0ms)
========================================================================
Worker process is ready to serve import requests
Begin MonoManager ReloadAssembly
Symbol file LoadedFromMemory doesn't match image C:\Users\javie\Desktop\Dev\GamedevStuff\Unity\proyectos\Sistema de combate\Library\PackageCache\com.unity.visualscripting@1.8.0\Editor\VisualScripting.Core\Dependencies\YamlDotNet\Unity.VisualScripting.YamlDotNet.dll
Symbol file LoadedFromMemory doesn't match image C:\Users\javie\Desktop\Dev\GamedevStuff\Unity\proyectos\Sistema de combate\Library\PackageCache\com.unity.visualscripting@1.8.0\Editor\VisualScripting.Core\Dependencies\DotNetZip\Unity.VisualScripting.IonicZip.dll
- Loaded All Assemblies, in  0.811 seconds
Refreshing native plugins compatible for Editor in 4.63 ms, found 4 plugins.
Native extension for WindowsStandalone target not found
Mono: successfully reloaded assembly
- Finished resetting the current domain, in  0.604 seconds
Domain Reload Profiling: 1413ms
	BeginReloadAssembly (143ms)
		ExecutionOrderSort (0ms)
		DisableScriptedObjects (7ms)
		BackupInstance (0ms)
		ReleaseScriptingObjects (0ms)
		CreateAndSetChildDomain (23ms)
	RebuildCommonClasses (34ms)
	RebuildNativeTypeToScriptingClass (11ms)
	initialDomainReloadingComplete (57ms)
	LoadAllAssembliesAndSetupDomain (563ms)
		LoadAssemblies (325ms)
		RebuildTransferFunctionScriptingTraits (0ms)
		AnalyzeDomain (297ms)
			TypeCache.Refresh (272ms)
				TypeCache.ScanAssembly (257ms)
			ScanForSourceGeneratedMonoScriptInfo (22ms)
			ResolveRequiredComponents (4ms)
	FinalizeReload (605ms)
		ReleaseScriptCaches (0ms)
		RebuildScriptCaches (0ms)
		SetupLoadedEditorAssemblies (432ms)
			LogAssemblyErrors (0ms)
			InitializePlatformSupportModulesInManaged (6ms)
			SetLoadedEditorAssemblies (3ms)
			RefreshPlugins (0ms)
			BeforeProcessingInitializeOnLoad (72ms)
			ProcessInitializeOnLoadAttributes (304ms)
			ProcessInitializeOnLoadMethodAttributes (42ms)
			AfterProcessingInitializeOnLoad (6ms)
			EditorAssembliesLoaded (0ms)
		ExecutionOrderSort2 (0ms)
		AwakeInstancesAfterBackupRestoration (8ms)
Launched and connected shader compiler UnityShaderCompiler.exe after 0.05 seconds
Refreshing native plugins compatible for Editor in 4.65 ms, found 4 plugins.
Preloading 0 native plugins for Editor in 0.00 ms.
Unloading 3998 Unused Serialized files (Serialized files now loaded: 0)
Unloading 69 unused Assets / (245.1 KB). Loaded Objects now: 4456.
Memory consumption went from 138.9 MB to 138.6 MB.
Total: 5.810800 ms (FindLiveObjects: 1.040800 ms CreateObjectMapping: 0.420300 ms MarkObjects: 4.077400 ms  DeleteObjects: 0.270400 ms)

AssetImportParameters requested are different than current active one (requested -> active):
  custom:container-demuxer-ogg: 62fdf1f143b41e24485cea50d1cbac27 -> 
  custom:video-codec-MediaFoundation-h265: 746d11721c4dcdbdad8f713fa42b33f4 -> 
  custom:video-decoder-ogg-theora: a1e56fd34408186e4bbccfd4996cb3dc -> 
  custom:framework-win-MediaFoundation: 216162199b28c13a410421893ffa2e32 -> 
  custom:container-demuxer-webm: 4f35f7cbe854078d1ac9338744f61a02 -> 
  custom:container-muxer-webm: aa71ff27fc2769a1b78a27578f13a17b -> 
  custom:video-decoder-webm-vp8: 9c59270c3fd7afecdb556c50c9e8de78 -> 
  custom:AudioImporter_EditorPlatform: d09bf68614088b80899f8185d706f6e7 -> 
  custom:video-encoder-webm-vp8: eb34c28f22e8b96e1ab97ce403110664 -> 
  custom:audio-decoder-ogg-vorbis: bf7c407c2cedff20999df2af8eb42d56 -> 
  custom:audio-encoder-webm-vorbis: bf7c407c2cedff20999df2af8eb42d56 -> 
========================================================================
Received Prepare
Refreshing native plugins compatible for Editor in 7.65 ms, found 4 plugins.
Preloading 0 native plugins for Editor in 0.00 ms.
Unloading 7 Unused Serialized files (Serialized files now loaded: 0)
Unloading 7 unused Assets / (198.8 KB). Loaded Objects now: 4456.
Memory consumption went from 76.4 MB to 76.2 MB.
Total: 4.612900 ms (FindLiveObjects: 0.453800 ms CreateObjectMapping: 0.329900 ms MarkObjects: 3.629300 ms  DeleteObjects: 0.198200 ms)

Prepare: number of updated asset objects reloaded= 0
AssetImportParameters requested are different than current active one (requested -> active):
  custom:container-demuxer-ogg: 62fdf1f143b41e24485cea50d1cbac27 -> 
  custom:video-codec-MediaFoundation-h265: 746d11721c4dcdbdad8f713fa42b33f4 -> 
  custom:video-decoder-ogg-theora: a1e56fd34408186e4bbccfd4996cb3dc -> 
  custom:framework-win-MediaFoundation: 216162199b28c13a410421893ffa2e32 -> 
  custom:CustomObjectIndexerAttribute: 756ad292c208cfabdd7b50bc23989ffe -> 
  custom:container-demuxer-webm: 4f35f7cbe854078d1ac9338744f61a02 -> 
  custom:container-muxer-webm: aa71ff27fc2769a1b78a27578f13a17b -> 
  custom:video-decoder-webm-vp8: 9c59270c3fd7afecdb556c50c9e8de78 -> 
  custom:AudioImporter_EditorPlatform: d09bf68614088b80899f8185d706f6e7 -> 
  custom:video-encoder-webm-vp8: eb34c28f22e8b96e1ab97ce403110664 -> 
  custom:audio-decoder-ogg-vorbis: bf7c407c2cedff20999df2af8eb42d56 -> 
  custom:audio-encoder-webm-vorbis: bf7c407c2cedff20999df2af8eb42d56 -> 
========================================================================
Received Import Request.
  Time since last request: 40647.145607 seconds.
  path: Assets/Graphics
  artifactKey: Guid(4a04f72ac7b82164aa29f840bd1f32e4) Importer(815301076,1909f56bfc062723c751e8b465ee728b)
Start importing Assets/Graphics using Guid(4a04f72ac7b82164aa29f840bd1f32e4) Importer(815301076,1909f56bfc062723c751e8b465ee728b)  -> (artifact id: '25ef0c634afd29b8fe5a936a46d2e187') in 0.004379 seconds
Number of updated asset objects reloaded before import = 0
Number of asset objects unloaded after import = 0
========================================================================
Received Import Request.
  Time since last request: 5.471090 seconds.
  path: Assets/Graphics/Tilesets
  artifactKey: Guid(887dbe09a1278424ab3437770a934c86) Importer(815301076,1909f56bfc062723c751e8b465ee728b)
Start importing Assets/Graphics/Tilesets using Guid(887dbe09a1278424ab3437770a934c86) Importer(815301076,1909f56bfc062723c751e8b465ee728b)  -> (artifact id: 'fea50c24862fc1d1007f6c7fe5cb3d61') in 0.000593 seconds
Number of updated asset objects reloaded before import = 0
Number of asset objects unloaded after import = 0
========================================================================
Received Import Request.
  Time since last request: 7.905837 seconds.
  path: Assets/Graphics/Tilesets/OveworldCliffs
  artifactKey: Guid(1be047b59cc4a8844acb744033d9d6ac) Importer(815301076,1909f56bfc062723c751e8b465ee728b)
Start importing Assets/Graphics/Tilesets/OveworldCliffs using Guid(1be047b59cc4a8844acb744033d9d6ac) Importer(815301076,1909f56bfc062723c751e8b465ee728b)  -> (artifact id: '87c70c3749e2e3ebab4873b8bf4b0d0a') in 0.000517 seconds
Number of updated asset objects reloaded before import = 0
Number of asset objects unloaded after import = 0
========================================================================
Received Import Request.
  Time since last request: 17.802036 seconds.
  path: Assets/Graphics/Tilesets/OveworldCliffs/Tileset.png
  artifactKey: Guid(3d48766afa27c5e49b1eefa9102a4eb6) Importer(815301076,1909f56bfc062723c751e8b465ee728b)
Start importing Assets/Graphics/Tilesets/OveworldCliffs/Tileset.png using Guid(3d48766afa27c5e49b1eefa9102a4eb6) Importer(815301076,1909f56bfc062723c751e8b465ee728b)  -> (artifact id: '9f76c067b00bb6a313856991d15f9562') in 0.124152 seconds
Number of updated asset objects reloaded before import = 0
Number of asset objects unloaded after import = 3
========================================================================
Received Import Request.
  Time since last request: 10.356394 seconds.
  path: Assets/Graphics/Tilesets/OveworldCliffs/OverworldCliffs.png
  artifactKey: Guid(3d48766afa27c5e49b1eefa9102a4eb6) Importer(815301076,1909f56bfc062723c751e8b465ee728b)
Start importing Assets/Graphics/Tilesets/OveworldCliffs/OverworldCliffs.png using Guid(3d48766afa27c5e49b1eefa9102a4eb6) Importer(815301076,1909f56bfc062723c751e8b465ee728b)  -> (artifact id: '8df919f3dd33fdc352790aefa4be8363') in 0.021733 seconds
Number of updated asset objects reloaded before import = 0
Number of asset objects unloaded after import = 3
========================================================================
Received Import Request.
  Time since last request: 18.302701 seconds.
  path: Assets/Maps
  artifactKey: Guid(5fe6f840903c89f4b9a9d39ab4359c10) Importer(815301076,1909f56bfc062723c751e8b465ee728b)
Start importing Assets/Maps using Guid(5fe6f840903c89f4b9a9d39ab4359c10) Importer(815301076,1909f56bfc062723c751e8b465ee728b)  -> (artifact id: '8c6a01db22a6247ce74e3e52e6c0b1bf') in 0.000880 seconds
Number of updated asset objects reloaded before import = 0
Number of asset objects unloaded after import = 0
========================================================================
Received Prepare
Begin MonoManager ReloadAssembly
Symbol file LoadedFromMemory doesn't match image C:\Users\javie\Desktop\Dev\GamedevStuff\Unity\proyectos\Sistema de combate\Library\PackageCache\com.unity.visualscripting@1.8.0\Editor\VisualScripting.Core\Dependencies\YamlDotNet\Unity.VisualScripting.YamlDotNet.dll
Symbol file LoadedFromMemory doesn't match image C:\Users\javie\Desktop\Dev\GamedevStuff\Unity\proyectos\Sistema de combate\Library\PackageCache\com.unity.visualscripting@1.8.0\Editor\VisualScripting.Core\Dependencies\DotNetZip\Unity.VisualScripting.IonicZip.dll
- Loaded All Assemblies, in  0.823 seconds
Refreshing native plugins compatible for Editor in 5.49 ms, found 4 plugins.
Native extension for WindowsStandalone target not found
Mono: successfully reloaded assembly
- Finished resetting the current domain, in  1.561 seconds
Domain Reload Profiling: 2380ms
	BeginReloadAssembly (191ms)
		ExecutionOrderSort (0ms)
		DisableScriptedObjects (13ms)
		BackupInstance (0ms)
		ReleaseScriptingObjects (0ms)
		CreateAndSetChildDomain (60ms)
	RebuildCommonClasses (45ms)
	RebuildNativeTypeToScriptingClass (13ms)
	initialDomainReloadingComplete (36ms)
	LoadAllAssembliesAndSetupDomain (534ms)
		LoadAssemblies (321ms)
		RebuildTransferFunctionScriptingTraits (0ms)
		AnalyzeDomain (287ms)
			TypeCache.Refresh (278ms)
				TypeCache.ScanAssembly (266ms)
			ScanForSourceGeneratedMonoScriptInfo (5ms)
			ResolveRequiredComponents (5ms)
	FinalizeReload (1561ms)
		ReleaseScriptCaches (0ms)
		RebuildScriptCaches (0ms)
		SetupLoadedEditorAssemblies (479ms)
			LogAssemblyErrors (0ms)
			InitializePlatformSupportModulesInManaged (8ms)
			SetLoadedEditorAssemblies (7ms)
			RefreshPlugins (0ms)
			BeforeProcessingInitializeOnLoad (90ms)
			ProcessInitializeOnLoadAttributes (327ms)
			ProcessInitializeOnLoadMethodAttributes (40ms)
			AfterProcessingInitializeOnLoad (7ms)
			EditorAssembliesLoaded (0ms)
		ExecutionOrderSort2 (0ms)
		AwakeInstancesAfterBackupRestoration (17ms)
Refreshing native plugins compatible for Editor in 7.90 ms, found 4 plugins.
Preloading 0 native plugins for Editor in 0.00 ms.
Unloading 4141 Unused Serialized files (Serialized files now loaded: 0)
Unloading 41 unused Assets / (217.2 KB). Loaded Objects now: 4616.
Memory consumption went from 145.0 MB to 144.8 MB.
Total: 4.518600 ms (FindLiveObjects: 0.428200 ms CreateObjectMapping: 0.243100 ms MarkObjects: 3.516500 ms  DeleteObjects: 0.328200 ms)

Prepare: number of updated asset objects reloaded= 0
AssetImportParameters requested are different than current active one (requested -> active):
  custom:container-demuxer-ogg: 62fdf1f143b41e24485cea50d1cbac27 -> 
  custom:video-codec-MediaFoundation-h265: 746d11721c4dcdbdad8f713fa42b33f4 -> 
  custom:video-decoder-ogg-theora: a1e56fd34408186e4bbccfd4996cb3dc -> 
  custom:framework-win-MediaFoundation: 216162199b28c13a410421893ffa2e32 -> 
  custom:CustomObjectIndexerAttribute: 756ad292c208cfabdd7b50bc23989ffe -> 
  custom:container-demuxer-webm: 4f35f7cbe854078d1ac9338744f61a02 -> 
  custom:container-muxer-webm: aa71ff27fc2769a1b78a27578f13a17b -> 
  custom:video-decoder-webm-vp8: 9c59270c3fd7afecdb556c50c9e8de78 -> 
  custom:AudioImporter_EditorPlatform: d09bf68614088b80899f8185d706f6e7 -> 
  custom:video-encoder-webm-vp8: eb34c28f22e8b96e1ab97ce403110664 -> 
  custom:audio-decoder-ogg-vorbis: bf7c407c2cedff20999df2af8eb42d56 -> 
  custom:audio-encoder-webm-vorbis: bf7c407c2cedff20999df2af8eb42d56 -> 
========================================================================
Received Import Request.
  Time since last request: 807.499318 seconds.
  path: Assets/Graphics/Tilesets/OveworldCliffs/OverworldCliffs.tsx
  artifactKey: Guid(e1a86a12260729948a3291bde7146a08) Importer(815301076,1909f56bfc062723c751e8b465ee728b)
Start importing Assets/Graphics/Tilesets/OveworldCliffs/OverworldCliffs.tsx using Guid(e1a86a12260729948a3291bde7146a08) Importer(815301076,1909f56bfc062723c751e8b465ee728b)  -> (artifact id: 'c6e9f30032b39c2041a67d5218c11781') in 0.002557 seconds
Number of updated asset objects reloaded before import = 0
Number of asset objects unloaded after import = 0
========================================================================
Received Import Request.
  Time since last request: 0.000045 seconds.
  path: Assets/Graphics/Tilesets/OveworldCliffs/OverworldCliffs.png
  artifactKey: Guid(3d48766afa27c5e49b1eefa9102a4eb6) Importer(815301076,1909f56bfc062723c751e8b465ee728b)
Start importing Assets/Graphics/Tilesets/OveworldCliffs/OverworldCliffs.png using Guid(3d48766afa27c5e49b1eefa9102a4eb6) Importer(815301076,1909f56bfc062723c751e8b465ee728b)  -> (artifact id: 'd9d4ae3708b4fa8f8e2663324aa04232') in 0.080233 seconds
Number of updated asset objects reloaded before import = 0
Number of asset objects unloaded after import = 3
========================================================================
Received Import Request.
  Time since last request: 45.032537 seconds.
  path: Assets/Graphics/Tilesets/OveworldCliffs/OverworldCliffs.tsx
  artifactKey: Guid(e1a86a12260729948a3291bde7146a08) Importer(815301076,1909f56bfc062723c751e8b465ee728b)
Start importing Assets/Graphics/Tilesets/OveworldCliffs/OverworldCliffs.tsx using Guid(e1a86a12260729948a3291bde7146a08) Importer(815301076,1909f56bfc062723c751e8b465ee728b)  -> (artifact id: '7fc3c183b14a14d624a6b518cea41d44') in 0.000576 seconds
Number of updated asset objects reloaded before import = 0
Number of asset objects unloaded after import = 0
========================================================================
Received Import Request.
  Time since last request: 1.754410 seconds.
  path: Assets/Maps/OverwolrdCliffs.tmx
  artifactKey: Guid(8b6e673ac3058e54a911197a81b60ac4) Importer(815301076,1909f56bfc062723c751e8b465ee728b)
Start importing Assets/Maps/OverwolrdCliffs.tmx using Guid(8b6e673ac3058e54a911197a81b60ac4) Importer(815301076,1909f56bfc062723c751e8b465ee728b)  -> (artifact id: '9dccd8116fdba3b3200267e74fdbac57') in 0.000627 seconds
Number of updated asset objects reloaded before import = 0
Number of asset objects unloaded after import = 0
========================================================================
Received Import Request.
  Time since last request: 17.021193 seconds.
  path: Assets/Maps/OverworldCliffs1.tmx
  artifactKey: Guid(8b6e673ac3058e54a911197a81b60ac4) Importer(815301076,1909f56bfc062723c751e8b465ee728b)
Start importing Assets/Maps/OverworldCliffs1.tmx using Guid(8b6e673ac3058e54a911197a81b60ac4) Importer(815301076,1909f56bfc062723c751e8b465ee728b)  -> (artifact id: '98aab53b10c20f29f6116811397ec9a9') in 0.000532 seconds
Number of updated asset objects reloaded before import = 0
Number of asset objects unloaded after import = 0
========================================================================
Received Import Request.
  Time since last request: 5.175933 seconds.
  path: Assets/Maps/OverworldCliffs1.tmx
  artifactKey: Guid(8b6e673ac3058e54a911197a81b60ac4) Importer(815301076,1909f56bfc062723c751e8b465ee728b)
Start importing Assets/Maps/OverworldCliffs1.tmx using Guid(8b6e673ac3058e54a911197a81b60ac4) Importer(815301076,1909f56bfc062723c751e8b465ee728b)  -> (artifact id: '7abe21775afd51159b0932bc017cdffd') in 0.000812 seconds
Number of updated asset objects reloaded before import = 0
Number of asset objects unloaded after import = 0
========================================================================
Received Import Request.
  Time since last request: 32.634173 seconds.
  path: Assets/Maps/OverworldCliffs1.tmx
  artifactKey: Guid(8b6e673ac3058e54a911197a81b60ac4) Importer(815301076,1909f56bfc062723c751e8b465ee728b)
Start importing Assets/Maps/OverworldCliffs1.tmx using Guid(8b6e673ac3058e54a911197a81b60ac4) Importer(815301076,1909f56bfc062723c751e8b465ee728b)  -> (artifact id: '7abe21775afd51159b0932bc017cdffd') in 0.000590 seconds
Number of updated asset objects reloaded before import = 0
Number of asset objects unloaded after import = 0
========================================================================
Received Import Request.
  Time since last request: 4.475875 seconds.
  path: Assets/Scenes/SampleScene.unity
  artifactKey: Guid(2cda990e2423bbf4892e6590ba056729) Importer(815301076,1909f56bfc062723c751e8b465ee728b)
Start importing Assets/Scenes/SampleScene.unity using Guid(2cda990e2423bbf4892e6590ba056729) Importer(815301076,1909f56bfc062723c751e8b465ee728b)  -> (artifact id: '71a31b98a50bc7b0ef20e1b9d1fecdd3') in 0.000547 seconds
Number of updated asset objects reloaded before import = 0
Number of asset objects unloaded after import = 0
========================================================================
Received Import Request.
  Time since last request: 10.717631 seconds.
  path: Assets/Scenes/OverworldCliffs1.unity
  artifactKey: Guid(2cda990e2423bbf4892e6590ba056729) Importer(815301076,1909f56bfc062723c751e8b465ee728b)
Start importing Assets/Scenes/OverworldCliffs1.unity using Guid(2cda990e2423bbf4892e6590ba056729) Importer(815301076,1909f56bfc062723c751e8b465ee728b)  -> (artifact id: 'a400bfeb31cb7e541d0af8079c15a326') in 0.000920 seconds
Number of updated asset objects reloaded before import = 0
Number of asset objects unloaded after import = 0
========================================================================
Received Import Request.
  Time since last request: 323.358340 seconds.
  path: Assets/Graphics/Tilesets/OveworldCliffs/OverworldCliffs.tsx
  artifactKey: Guid(e1a86a12260729948a3291bde7146a08) Importer(815301076,1909f56bfc062723c751e8b465ee728b)
Start importing Assets/Graphics/Tilesets/OveworldCliffs/OverworldCliffs.tsx using Guid(e1a86a12260729948a3291bde7146a08) Importer(815301076,1909f56bfc062723c751e8b465ee728b)  -> (artifact id: '7fc3c183b14a14d624a6b518cea41d44') in 0.001319 seconds
Number of updated asset objects reloaded before import = 0
Number of asset objects unloaded after import = 0
========================================================================
Received Import Request.
  Time since last request: 3.187810 seconds.
  path: Assets/Graphics/OveworldCliffs/OverworldCliffs.tsx
  artifactKey: Guid(e1a86a12260729948a3291bde7146a08) Importer(815301076,1909f56bfc062723c751e8b465ee728b)
Start importing Assets/Graphics/OveworldCliffs/OverworldCliffs.tsx using Guid(e1a86a12260729948a3291bde7146a08) Importer(815301076,1909f56bfc062723c751e8b465ee728b)  -> (artifact id: '7fc3c183b14a14d624a6b518cea41d44') in 0.001104 seconds
Number of updated asset objects reloaded before import = 0
Number of asset objects unloaded after import = 0
========================================================================
Received Import Request.
  Time since last request: 3.341970 seconds.
  path: Assets/Graphics/OveworldCliffs/OverworldCliffs.tsx
  artifactKey: Guid(e1a86a12260729948a3291bde7146a08) Importer(815301076,1909f56bfc062723c751e8b465ee728b)
Start importing Assets/Graphics/OveworldCliffs/OverworldCliffs.tsx using Guid(e1a86a12260729948a3291bde7146a08) Importer(815301076,1909f56bfc062723c751e8b465ee728b)  -> (artifact id: '7fc3c183b14a14d624a6b518cea41d44') in 0.000663 seconds
Number of updated asset objects reloaded before import = 0
Number of asset objects unloaded after import = 0
========================================================================
Received Import Request.
  Time since last request: 20.659890 seconds.
  path: Assets/Graphics/OveworldCliffs/BGBack.png
  artifactKey: Guid(ed907013bb21e9d43a1334ec39e868ae) Importer(815301076,1909f56bfc062723c751e8b465ee728b)
Start importing Assets/Graphics/OveworldCliffs/BGBack.png using Guid(ed907013bb21e9d43a1334ec39e868ae) Importer(815301076,1909f56bfc062723c751e8b465ee728b)  -> (artifact id: '4113a4be61cb2ce444128ed0ba1ed8a5') in 0.030725 seconds
Number of updated asset objects reloaded before import = 0
Number of asset objects unloaded after import = 3
========================================================================
Received Import Request.
  Time since last request: 0.000148 seconds.
  path: Assets/Graphics/OveworldCliffs/CloudsBack.png
  artifactKey: Guid(67e33a347582fb14096eaf98213c80c7) Importer(815301076,1909f56bfc062723c751e8b465ee728b)
Start importing Assets/Graphics/OveworldCliffs/CloudsBack.png using Guid(67e33a347582fb14096eaf98213c80c7) Importer(815301076,1909f56bfc062723c751e8b465ee728b)  -> (artifact id: 'dd1994cb68c9fe72e3f8fc5e90cf8a11') in 0.025377 seconds
Number of updated asset objects reloaded before import = 0
Number of asset objects unloaded after import = 3
========================================================================
Received Import Request.
  Time since last request: 0.000067 seconds.
  path: Assets/Graphics/OveworldCliffs/OverworldCliffs.tsx
  artifactKey: Guid(e1a86a12260729948a3291bde7146a08) Importer(815301076,1909f56bfc062723c751e8b465ee728b)
Start importing Assets/Graphics/OveworldCliffs/OverworldCliffs.tsx using Guid(e1a86a12260729948a3291bde7146a08) Importer(815301076,1909f56bfc062723c751e8b465ee728b)  -> (artifact id: '7fc3c183b14a14d624a6b518cea41d44') in 0.000948 seconds
Number of updated asset objects reloaded before import = 0
Number of asset objects unloaded after import = 0
========================================================================
Received Import Request.
  Time since last request: 0.000115 seconds.
  path: Assets/Graphics/OveworldCliffs/CloudsFront.png
  artifactKey: Guid(6ed900e146867434186bb2e81901874a) Importer(815301076,1909f56bfc062723c751e8b465ee728b)
Start importing Assets/Graphics/OveworldCliffs/CloudsFront.png using Guid(6ed900e146867434186bb2e81901874a) Importer(815301076,1909f56bfc062723c751e8b465ee728b)  -> (artifact id: '3cf39252d6249866c03cbd9f7a80d088') in 0.028582 seconds
Number of updated asset objects reloaded before import = 0
Number of asset objects unloaded after import = 3
Editor requested this worker to shutdown with reason: Scaling down because of idle timeout
TcpMessagingSession - receive error: operation aborted. errorcode: 995, details: La operación de E/S se anuló por una salida de subproceso o por una solicitud de aplicación.
AssetImportWorker is now disconnected from the server
Process exiting
Exiting without the bug reporter. Application will terminate with return code 0